<?xml version="1.0" encoding="UTF-8"?>
<!-- Generated by org.testng.reporters.JUnitReportReporter -->
<testsuite hostname="DESKTOP-2M850KM" name="Risk_Module.CenturiLogin" tests="1" failures="0" timestamp="31 Jan 2020 07:30:03 GMT" time="16.075" errors="0">
  <testcase name="login" time="16.075" classname="Risk_Module.CenturiLogin"/>
</testsuite> <!-- Risk_Module.CenturiLogin -->
