<?xml version="1.0" encoding="UTF-8"?>
<!-- Generated by org.testng.reporters.JUnitReportReporter -->
<testsuite hostname="DESKTOP-2M850KM" name="Risk_Module.Login" tests="1" failures="0" timestamp="31 Jan 2020 09:14:45 GMT" time="49.484" errors="0">
  <testcase name="login" time="49.484" classname="Risk_Module.Login"/>
</testsuite> <!-- Risk_Module.Login -->
