<?xml version="1.0" encoding="UTF-8"?>
<!-- Generated by org.testng.reporters.JUnitReportReporter -->
<testsuite hostname="DESKTOP-2M850KM" name="Risk_Module.Seed_RiskRegister" tests="1" failures="0" timestamp="11 Feb 2020 06:55:25 GMT" time="15.587" errors="0">
  <testcase name="seed_register" time="15.587" classname="Risk_Module.Seed_RiskRegister"/>
</testsuite> <!-- Risk_Module.Seed_RiskRegister -->
